<?xml version="1.0" encoding="UTF-8"?>
<!-- Generated by org.testng.reporters.JUnitXMLReporter -->
<testsuite hostname="Ashwins-MacBook-Air.local" ignored="0" name="Default test" tests="2" failures="0" timestamp="26 Aug 2020 03:10:08 GMT" time="91.167" errors="0">
  <testcase name="a_pageLoad" time="26.607" classname="testNGFramework.bootstrapdropdownandcalendar"/>
  <testcase name="b_dropDown" time="64.437" classname="testNGFramework.bootstrapdropdownandcalendar"/>
</testsuite> <!-- Default test -->
