<?xml version="1.0" encoding="UTF-8"?>
<!-- Generated by org.testng.reporters.JUnitXMLReporter -->
<testsuite hostname="Ashwins-MacBook-Air.local" ignored="0" name="Flipkart_Deals" tests="4" failures="0" timestamp="13 Aug 2020 15:22:20 GMT" time="13.125" errors="0">
  <testcase name="a_pageLoad" time="5.804" classname="testNGFramework.FlipKartDeals"/>
  <testcase name="b_closelogin" time="2.124" classname="testNGFramework.FlipKartDeals"/>
  <testcase name="c_navigationtodeals" time="0.15" classname="testNGFramework.FlipKartDeals"/>
  <testcase name="d_closedealstab" time="5.034" classname="testNGFramework.FlipKartDeals"/>
</testsuite> <!-- Flipkart_Deals -->
