<?xml version="1.0" encoding="UTF-8"?>
<!-- Generated by org.testng.reporters.JUnitXMLReporter -->
<testsuite hostname="Ashwins-MacBook-Air.local" ignored="0" name="Petstore_SignIn_SignOut" tests="5" failures="0" timestamp="13 Aug 2020 15:22:26 GMT" time="5.723" errors="0">
  <testcase name="pageLoad" time="3.027" classname="testNGFramework.AutomationPractice"/>
  <testcase name="signIn" time="0.304" classname="testNGFramework.AutomationPractice"/>
  <testcase name="UserInfo" time="0.635" classname="testNGFramework.AutomationPractice"/>
  <testcase name="AcctInfo" time="1.039" classname="testNGFramework.AutomationPractice"/>
  <testcase name="profileInfo" time="0.708" classname="testNGFramework.AutomationPractice"/>
</testsuite> <!-- Petstore_SignIn_SignOut -->
