<?xml version="1.0" encoding="UTF-8"?>
<!-- Generated by org.testng.reporters.JUnitXMLReporter -->
<testsuite hostname="Ashwins-MacBook-Air.local" ignored="0" name="PetStore_Signin_Registration_Login" tests="5" failures="0" timestamp="13 Aug 2020 02:39:39 GMT" time="7.518" errors="0">
  <testcase name="pageLoad" time="4.25" classname="testNGFramework.AutomationPractice"/>
  <testcase name="signIn" time="0.406" classname="testNGFramework.AutomationPractice"/>
  <testcase name="UserInfo" time="0.836" classname="testNGFramework.AutomationPractice"/>
  <testcase name="AcctInfo" time="1.19" classname="testNGFramework.AutomationPractice"/>
  <testcase name="profileInfo" time="0.812" classname="testNGFramework.AutomationPractice"/>
</testsuite> <!-- PetStore_Signin_Registration_Login -->
