<?xml version="1.0" encoding="UTF-8"?>
<!-- Generated by org.testng.reporters.JUnitXMLReporter -->
<testsuite hostname="Ashwins-MacBook-Air.local" ignored="3" name="TestNG_Grouping" tests="2" failures="0" timestamp="14 Aug 2020 02:36:42 GMT" time="0.081" errors="0">
  <testcase name="f4" time="0.025" classname="testNGFramework.Grouping"/>
  <testcase name="f5" time="0.001" classname="testNGFramework.Grouping"/>
  <testcase name="f2" time="0.0" classname="testNGFramework.Grouping">
    <ignored/>
  </testcase> <!-- f2 -->
  <testcase name="f3" time="0.0" classname="testNGFramework.Grouping">
    <ignored/>
  </testcase> <!-- f3 -->
  <testcase name="f1" time="0.0" classname="testNGFramework.Grouping">
    <ignored/>
  </testcase> <!-- f1 -->
</testsuite> <!-- TestNG_Grouping -->
