<?xml version="1.0" encoding="UTF-8"?>
<!-- Generated by org.testng.reporters.JUnitXMLReporter -->
<testsuite hostname="Ashwins-MacBook-Air.local" ignored="0" name="YourLogo_Registration_Logout_Login" tests="6" failures="0" timestamp="13 Aug 2020 15:22:07 GMT" time="66.726" errors="0">
  <testcase name="pageLoad" time="9.277" classname="testNGFramework.YourLogoForTestNG"/>
  <testcase name="initialRegistration" time="13.832" classname="testNGFramework.YourLogoForTestNG"/>
  <testcase name="personalInfo" time="32.904" classname="testNGFramework.YourLogoForTestNG"/>
  <testcase name="addressInfo" time="4.673" classname="testNGFramework.YourLogoForTestNG"/>
  <testcase name="signOut" time="3.694" classname="testNGFramework.YourLogoForTestNG"/>
  <testcase name="signIn" time="2.286" classname="testNGFramework.YourLogoForTestNG"/>
</testsuite> <!-- YourLogo_Registration_Logout_Login -->
