<?xml version="1.0" encoding="UTF-8"?>
<!-- Generated by org.testng.reporters.JUnitXMLReporter -->
<testsuite hostname="Ashwins-MacBook-Air.local" ignored="0" name="Zerowebapp_Signin_Login_Logout" tests="4" failures="0" timestamp="13 Aug 2020 02:45:44 GMT" time="13.388" errors="0">
  <testcase name="pageLoad" time="5.655" classname="testNGFramework.ZeroWebAppSecurity"/>
  <testcase name="signin" time="0.488" classname="testNGFramework.ZeroWebAppSecurity"/>
  <testcase name="loginCredentials" time="3.391" classname="testNGFramework.ZeroWebAppSecurity"/>
  <testcase name="logOut" time="3.838" classname="testNGFramework.ZeroWebAppSecurity"/>
</testsuite> <!-- Zerowebapp_Signin_Login_Logout -->
