<?xml version="1.0" encoding="UTF-8"?>
<testng-results skipped="0" failed="0" ignored="0" total="2" passed="2">
  <reporter-output>
  </reporter-output>
  <suite name="Default suite" duration-ms="91167" started-at="2020-08-26T03:08:37Z" finished-at="2020-08-26T03:10:08Z">
    <groups>
    </groups>
    <test name="Default test" duration-ms="91167" started-at="2020-08-26T03:08:37Z" finished-at="2020-08-26T03:10:08Z">
      <class name="testNGFramework.bootstrapdropdownandcalendar">
        <test-method status="PASS" signature="a_pageLoad()[pri:0, instance:testNGFramework.bootstrapdropdownandcalendar@39aeed2f]" name="a_pageLoad" duration-ms="26607" started-at="2020-08-26T03:08:37Z" finished-at="2020-08-26T03:09:04Z">
          <reporter-output>
          </reporter-output>
        </test-method> <!-- a_pageLoad -->
        <test-method status="PASS" signature="b_dropDown()[pri:0, instance:testNGFramework.bootstrapdropdownandcalendar@39aeed2f]" name="b_dropDown" duration-ms="64437" started-at="2020-08-26T03:09:04Z" finished-at="2020-08-26T03:10:08Z">
          <reporter-output>
          </reporter-output>
        </test-method> <!-- b_dropDown -->
      </class> <!-- testNGFramework.bootstrapdropdownandcalendar -->
    </test> <!-- Default test -->
  </suite> <!-- Default suite -->
</testng-results>
